<?xml version="1.0" encoding="UTF-8"?>
<!-- Generated by org.testng.reporters.JUnitReportReporter -->
<testsuite hostname="DESKTOP-4FLH92S" failures="0" tests="4" name="Testng.skipTestCases" time="0.046" errors="0" timestamp="2024-05-29T16:17:03 IST" skipped="1">
  <testcase classname="Testng.skipTestCases" name="c" time="0.006"/>
  <testcase classname="Testng.skipTestCases" name="b" time="0.036"/>
  <testcase classname="Testng.skipTestCases" name="c" time="0.004"/>
  <testcase classname="Testng.skipTestCases" name="a">
    <skipped/>
  </testcase> <!-- a -->
</testsuite> <!-- Testng.skipTestCases -->
