<?xml version="1.0" encoding="UTF-8"?>
<!-- Generated by org.testng.reporters.JUnitReportReporter -->
<testsuite hostname="DESKTOP-4FLH92S" failures="0" tests="8" name="Testng.SequenceExecution" time="0.026" errors="0" timestamp="2024-05-29T15:43:51 IST" skipped="0">
  <testcase classname="Testng.SequenceExecution" name="b" time="0.013"/>
  <testcase classname="Testng.SequenceExecution" name="a" time="0.002"/>
  <testcase classname="Testng.SequenceExecution" name="c" time="0.002"/>
  <testcase classname="Testng.SequenceExecution" name="e" time="0.002"/>
  <testcase classname="Testng.SequenceExecution" name="a3" time="0.002"/>
  <testcase classname="Testng.SequenceExecution" name="s" time="0.002"/>
  <testcase classname="Testng.SequenceExecution" name="f" time="0.002"/>
  <testcase classname="Testng.SequenceExecution" name="d" time="0.001"/>
</testsuite> <!-- Testng.SequenceExecution -->
