<?xml version="1.0" encoding="UTF-8"?>
<!-- Generated by org.testng.reporters.JUnitReportReporter -->
<testsuite hostname="DESKTOP-4FLH92S" failures="0" tests="4" name="Testng.InvocationCount" time="0.026" errors="0" timestamp="2024-05-29T16:06:58 IST" skipped="1">
  <testcase classname="Testng.InvocationCount" name="a" time="0.021"/>
  <testcase classname="Testng.InvocationCount" name="c" time="0.002"/>
  <testcase classname="Testng.InvocationCount" name="c" time="0.003"/>
  <testcase classname="Testng.InvocationCount" name="b">
    <skipped/>
  </testcase> <!-- b -->
</testsuite> <!-- Testng.InvocationCount -->
