<?xml version="1.0" encoding="UTF-8"?>
<!-- Generated by org.testng.reporters.JUnitReportReporter -->
<testsuite hostname="DESKTOP-4FLH92S" failures="0" tests="2" name="Testng.TestngPractice" time="0.033" errors="0" timestamp="2024-05-29T15:05:43 IST" skipped="0">
  <testcase classname="Testng.TestngPractice" name="a2" time="0.008"/>
  <testcase classname="Testng.TestngPractice" name="a1" time="0.025"/>
</testsuite> <!-- Testng.TestngPractice -->
